[backblue.gif]
[fade.gif]
[index.html]
[browser.sentry-cdn.com/6.4.1/bundle.min.js]
[www.google-analytics.com/analytics.js]
[d13pxqgp3ixdbh.cloudfront.net/uploads/16218301461ed3144e492d060617842e0be6f6d782.png]
[d13pxqgp3ixdbh.cloudfront.net/uploads/161909761163155412c5aeb373d4b700c3d4f2533e.png]
[d13pxqgp3ixdbh.cloudfront.net/uploads/1621830144bdc6803a4b0a8f7a21b1ecf33b716746.png]
[d13pxqgp3ixdbh.cloudfront.net/uploads/161909761595a8a60ece42ce5e78c53afabd343d3f.png]
[d13pxqgp3ixdbh.cloudfront.net/uploads/1619097614d2a3bc7d16dc76d034a41c494e8761e9.png]
[d13pxqgp3ixdbh.cloudfront.net/uploads/1619097610ccf29477a937c4609878e78433bd9d04.png]
[d13pxqgp3ixdbh.cloudfront.net/uploads/1619097619cbddf51d55edd7f3ef8a075872f5917f.png]
[d13pxqgp3ixdbh.cloudfront.net/uploads/1619097619c1963c3c9b243859fc1619a314da9a8b.png]
[d13pxqgp3ixdbh.cloudfront.net/uploads/1619265496817b7e296dd02b6b911048ec12b2c9fe.png]
[d13pxqgp3ixdbh.cloudfront.net/uploads/1619097614729fc1abcbee07f03d9e81b8d246e777.png]
[d13pxqgp3ixdbh.cloudfront.net/uploads/1621830145f97815c0aa1cb68b74bf55cbc4e5149f.png]
[d13pxqgp3ixdbh.cloudfront.net/uploads/161909761701afebe6db914cae0df0e58526ed8013.png]
[d13pxqgp3ixdbh.cloudfront.net/uploads/16190976186526b111b8742cc1c8da390a443f23d3.png]
[d13pxqgp3ixdbh.cloudfront.net/uploads/161909761804987ed8a55e84801eb3210f1b830fdb.png]
[ajax.googleapis.com/ajax/libs/jquery/2.2.4/jquery.min.js]
[d13nu0oomnx5ti.cloudfront.net/597759a.js]
[filesmart.net/1847d0a.html]
[filesmart.net/style.html]
[filesmart.net/main.html]
[filesmart.net/customTemplateGlobal.html]
